/home/zhangzhong/ROS2/kitti_ws/install/pkg_py/lib/python3.10/site-packages/pkg_py/my_kitti_util.py
/home/zhangzhong/ROS2/kitti_ws/install/pkg_py/lib/python3.10/site-packages/pkg_py/car_veiw_publisher_node.py
/home/zhangzhong/ROS2/kitti_ws/install/pkg_py/lib/python3.10/site-packages/pkg_py/point_cloud_publisher_node.py
/home/zhangzhong/ROS2/kitti_ws/install/pkg_py/lib/python3.10/site-packages/pkg_py/imu_gps_publisher_node.py
/home/zhangzhong/ROS2/kitti_ws/install/pkg_py/lib/python3.10/site-packages/pkg_py/kitti_util.py
/home/zhangzhong/ROS2/kitti_ws/install/pkg_py/lib/python3.10/site-packages/pkg_py/image_publisher_node.py
/home/zhangzhong/ROS2/kitti_ws/install/pkg_py/lib/python3.10/site-packages/pkg_py/__init__.py
/home/zhangzhong/ROS2/kitti_ws/install/pkg_py/lib/python3.10/site-packages/pkg_py/__pycache__/my_kitti_util.cpython-310.pyc
/home/zhangzhong/ROS2/kitti_ws/install/pkg_py/lib/python3.10/site-packages/pkg_py/__pycache__/car_veiw_publisher_node.cpython-310.pyc
/home/zhangzhong/ROS2/kitti_ws/install/pkg_py/lib/python3.10/site-packages/pkg_py/__pycache__/point_cloud_publisher_node.cpython-310.pyc
/home/zhangzhong/ROS2/kitti_ws/install/pkg_py/lib/python3.10/site-packages/pkg_py/__pycache__/imu_gps_publisher_node.cpython-310.pyc
/home/zhangzhong/ROS2/kitti_ws/install/pkg_py/lib/python3.10/site-packages/pkg_py/__pycache__/kitti_util.cpython-310.pyc
/home/zhangzhong/ROS2/kitti_ws/install/pkg_py/lib/python3.10/site-packages/pkg_py/__pycache__/image_publisher_node.cpython-310.pyc
/home/zhangzhong/ROS2/kitti_ws/install/pkg_py/lib/python3.10/site-packages/pkg_py/__pycache__/__init__.cpython-310.pyc
/home/zhangzhong/ROS2/kitti_ws/install/pkg_py/share/ament_index/resource_index/packages/pkg_py
/home/zhangzhong/ROS2/kitti_ws/install/pkg_py/share/pkg_py/package.xml
/home/zhangzhong/ROS2/kitti_ws/install/pkg_py/share/pkg_py/launch
/home/zhangzhong/ROS2/kitti_ws/install/pkg_py/lib/python3.10/site-packages/pkg_py-0.0.0-py3.10.egg-info/PKG-INFO
/home/zhangzhong/ROS2/kitti_ws/install/pkg_py/lib/python3.10/site-packages/pkg_py-0.0.0-py3.10.egg-info/entry_points.txt
/home/zhangzhong/ROS2/kitti_ws/install/pkg_py/lib/python3.10/site-packages/pkg_py-0.0.0-py3.10.egg-info/requires.txt
/home/zhangzhong/ROS2/kitti_ws/install/pkg_py/lib/python3.10/site-packages/pkg_py-0.0.0-py3.10.egg-info/dependency_links.txt
/home/zhangzhong/ROS2/kitti_ws/install/pkg_py/lib/python3.10/site-packages/pkg_py-0.0.0-py3.10.egg-info/top_level.txt
/home/zhangzhong/ROS2/kitti_ws/install/pkg_py/lib/python3.10/site-packages/pkg_py-0.0.0-py3.10.egg-info/SOURCES.txt
/home/zhangzhong/ROS2/kitti_ws/install/pkg_py/lib/python3.10/site-packages/pkg_py-0.0.0-py3.10.egg-info/zip-safe
/home/zhangzhong/ROS2/kitti_ws/install/pkg_py/lib/pkg_py/car_veiw_publisher_node
/home/zhangzhong/ROS2/kitti_ws/install/pkg_py/lib/pkg_py/image_publisher_node
/home/zhangzhong/ROS2/kitti_ws/install/pkg_py/lib/pkg_py/imu_gps_publisher_node
/home/zhangzhong/ROS2/kitti_ws/install/pkg_py/lib/pkg_py/point_cloud_publisher_node
